<?xml version="1.0" encoding="UTF-8"?>
<!-- Generated by org.testng.reporters.JUnitReportReporter -->
<testsuite skipped="0" hostname="LAPTOP-NQB66EQE" name="myTest.GoogleTest" tests="2" failures="0" timestamp="07 May 2018 09:08:37 GMT" time="13.001" errors="0">
  <testcase name="openWikiPageTest" time="6.670" classname="myTest.GoogleTest"/>
  <testcase name="openGooglePageTest" time="6.331" classname="myTest.GoogleTest"/>
</testsuite> <!-- myTest.GoogleTest -->
