<?xml version="1.0" encoding="UTF-8"?>
<!-- Generated by org.testng.reporters.JUnitReportReporter -->
<testsuite skipped="0" hostname="LAPTOP-NQB66EQE" name="myTest.GoogleTest" tests="3" failures="0" timestamp="08 May 2018 11:32:32 GMT" time="85.061" errors="0">
  <testcase name="openWikiPageTest2" time="38.875" classname="myTest.GoogleTest"/>
  <testcase name="openGooglePageTest" time="7.890" classname="myTest.GoogleTest"/>
  <testcase name="openWikiPageTest" time="38.296" classname="myTest.GoogleTest"/>
</testsuite> <!-- myTest.GoogleTest -->
